<?xml version="1.0" encoding="UTF-8"?>
<!-- Generated by org.testng.reporters.JUnitXMLReporter -->
<testsuite hostname="Aruns-MacBook-Pro.local" ignored="1" name="Command line test" tests="6" failures="1" timestamp="10 Feb 2020 00:09:23 GMT" time="36.936" errors="0">
  <testcase name="verfiyHomePageTitleTest" time="0.016" classname="com.qa.hubspot.tests.HomePageTest"/>
  <testcase name="verfiyLoginPageTitleTest" time="4.082" classname="com.qa.hubspot.tests.LoginPageTest"/>
  <testcase name="verfiyHomePageHeaderTest" time="0.035" classname="com.qa.hubspot.tests.HomePageTest"/>
  <testcase name="verfiySignUpLinkTest" time="0.596" classname="com.qa.hubspot.tests.LoginPageTest"/>
  <testcase name="verifyLoggedInUserAccountName" time="0.022" classname="com.qa.hubspot.tests.HomePageTest">
    <failure type="java.lang.AssertionError" message="expected [null] but found [Amazon]">
      <![CDATA[java.lang.AssertionError: expected [null] but found [Amazon]
at com.qa.hubspot.tests.HomePageTest.verifyLoggedInUserAccountName(HomePageTest.java:58)
... Removed 41 stack frames]]>
    </failure>
  </testcase> <!-- verifyLoggedInUserAccountName -->
  <testcase name="loginTest" time="0.577" classname="com.qa.hubspot.tests.LoginPageTest"/>
  <testcase name="login_InvalidTestCases" time="0.0" classname="com.qa.hubspot.tests.LoginPageTest">
    <ignored/>
  </testcase> <!-- login_InvalidTestCases -->
</testsuite> <!-- Command line test -->
