<?xml version="1.0" encoding="UTF-8" ?>
<testsuite tests="6" failures="1" name="TestSuite" time="5.333" errors="0" skipped="0">
  <properties>
[...]
</properties>
  <testcase classname="com.qa.hubspot.tests.HomePageTest" name="verfiyHomePageTitleTest" time="0.017"/>
  <testcase classname="com.qa.hubspot.tests.LoginPageTest" name="verfiyLoginPageTitleTest" time="4.08"/>
  <testcase classname="com.qa.hubspot.tests.HomePageTest" name="verfiyHomePageHeaderTest" time="0.038"/>
  <testcase classname="com.qa.hubspot.tests.LoginPageTest" name="verfiySignUpLinkTest" time="0.595"/>
  <testcase classname="com.qa.hubspot.tests.HomePageTest" name="verifyLoggedInUserAccountName" time="0.025">
    <failure message="expected [null] but found [Amazon]" type="java.lang.AssertionError">java.lang.AssertionError: expected [null] but found [Amazon]
	at org.testng.Assert.fail(Assert.java:96)
	at org.testng.Assert.failNotEquals(Assert.java:776)
	at org.testng.Assert.assertEqualsImpl(Assert.java:132)
	at org.testng.Assert.assertEquals(Assert.java:118)
	at org.testng.Assert.assertEquals(Assert.java:453)
	at org.testng.Assert.assertEquals(Assert.java:463)
	at com.qa.hubspot.tests.HomePageTest.verifyLoggedInUserAccountName(HomePageTest.java:58)
</failure>
    <system-out>logged in account name : Amazon
</system-out>
  </testcase>
  <testcase classname="com.qa.hubspot.tests.LoginPageTest" name="loginTest" time="0.578"/>
</testsuite>