<?xml version="1.0" encoding="UTF-8"?>
<testng-results skipped="0" failed="1" ignored="1" total="6" passed="4">
  <reporter-output>
  </reporter-output>
  <suite name="Hub Spot Regression Suite" duration-ms="72413" started-at="2020-02-15T16:37:40Z" finished-at="2020-02-15T16:38:52Z">
    <groups>
      <group name="sanity">
        <method signature="LoginPageTest.verfiySignUpLinkTest()[pri:2, instance:com.qa.hubspot.tests.LoginPageTest@223d2c72]" name="verfiySignUpLinkTest" class="com.qa.hubspot.tests.LoginPageTest"/>
        <method signature="HomePageTest.verfiyHomePageTitleTest()[pri:1, instance:com.qa.hubspot.tests.HomePageTest@3c19aaa5]" name="verfiyHomePageTitleTest" class="com.qa.hubspot.tests.HomePageTest"/>
      </group> <!-- sanity -->
    </groups>
    <test name="Hub Spot Functional Regression Test - chrome" duration-ms="31637" started-at="2020-02-15T16:37:40Z" finished-at="2020-02-15T16:38:11Z">
      <class name="com.qa.hubspot.tests.HomePageTest">
        <test-method status="PASS" signature="setUp()[pri:0, instance:com.qa.hubspot.tests.HomePageTest@3c19aaa5]" name="setUp" is-config="true" duration-ms="9361" started-at="2020-02-15T16:37:40Z" finished-at="2020-02-15T16:37:49Z">
          <reporter-output>
          </reporter-output>
        </test-method> <!-- setUp -->
        <test-method status="PASS" signature="verfiyHomePageTitleTest()[pri:1, instance:com.qa.hubspot.tests.HomePageTest@3c19aaa5]" name="verfiyHomePageTitleTest" duration-ms="5662" started-at="2020-02-15T16:37:49Z" finished-at="2020-02-15T16:37:55Z">
          <reporter-output>
          </reporter-output>
        </test-method> <!-- verfiyHomePageTitleTest -->
        <test-method status="PASS" signature="verfiyHomePageHeaderTest()[pri:2, instance:com.qa.hubspot.tests.HomePageTest@3c19aaa5]" name="verfiyHomePageHeaderTest" duration-ms="10724" started-at="2020-02-15T16:37:55Z" finished-at="2020-02-15T16:38:05Z">
          <reporter-output>
          </reporter-output>
        </test-method> <!-- verfiyHomePageHeaderTest -->
        <test-method status="PASS" signature="tearDown()[pri:0, instance:com.qa.hubspot.tests.HomePageTest@3c19aaa5]" name="tearDown" is-config="true" duration-ms="103" started-at="2020-02-15T16:38:11Z" finished-at="2020-02-15T16:38:11Z">
          <reporter-output>
          </reporter-output>
        </test-method> <!-- tearDown -->
      </class> <!-- com.qa.hubspot.tests.HomePageTest -->
    </test> <!-- Hub Spot Functional Regression Test - chrome -->
    <test name="Hub Spot Functional Regression Test - FF" duration-ms="72413" started-at="2020-02-15T16:37:40Z" finished-at="2020-02-15T16:38:52Z">
      <class name="com.qa.hubspot.tests.LoginPageTest">
        <test-method status="PASS" signature="setUp(java.lang.String)[pri:0, instance:com.qa.hubspot.tests.LoginPageTest@223d2c72]" name="setUp" is-config="true" duration-ms="3989" started-at="2020-02-15T16:37:50Z" finished-at="2020-02-15T16:37:54Z">
          <params>
            <param index="0">
              <value>
                <![CDATA[firefox]]>
              </value>
            </param>
          </params>
          <reporter-output>
          </reporter-output>
        </test-method> <!-- setUp -->
        <test-method status="PASS" signature="verfiyLoginPageTitleTest()[pri:1, instance:com.qa.hubspot.tests.LoginPageTest@223d2c72]" name="verfiyLoginPageTitleTest" duration-ms="5881" started-at="2020-02-15T16:37:54Z" description="verify login page title" finished-at="2020-02-15T16:38:00Z">
          <reporter-output>
          </reporter-output>
        </test-method> <!-- verfiyLoginPageTitleTest -->
        <test-method status="PASS" signature="tearDown()[pri:0, instance:com.qa.hubspot.tests.LoginPageTest@223d2c72]" name="tearDown" is-config="true" duration-ms="2690" started-at="2020-02-15T16:38:00Z" finished-at="2020-02-15T16:38:02Z">
          <reporter-output>
          </reporter-output>
        </test-method> <!-- tearDown -->
        <test-method status="PASS" signature="setUp(java.lang.String)[pri:0, instance:com.qa.hubspot.tests.LoginPageTest@223d2c72]" name="setUp" is-config="true" duration-ms="3129" started-at="2020-02-15T16:38:02Z" finished-at="2020-02-15T16:38:06Z">
          <params>
            <param index="0">
              <value>
                <![CDATA[firefox]]>
              </value>
            </param>
          </params>
          <reporter-output>
          </reporter-output>
        </test-method> <!-- setUp -->
        <test-method status="FAIL" signature="verfiySignUpLinkTest()[pri:2, instance:com.qa.hubspot.tests.LoginPageTest@223d2c72]" name="verfiySignUpLinkTest" duration-ms="30450" started-at="2020-02-15T16:38:06Z" finished-at="2020-02-15T16:38:36Z">
          <exception class="org.openqa.selenium.TimeoutException">
            <message>
              <![CDATA[Expected condition failed: waiting for presence of element located by: By.linkText: Sign up1111 (tried for 20 second(s) with 500 milliseconds interval)]]>
            </message>
            <full-stacktrace>
              <![CDATA[org.openqa.selenium.TimeoutException: Expected condition failed: waiting for presence of element located by: By.linkText: Sign up1111 (tried for 20 second(s) with 500 milliseconds interval)
at org.openqa.selenium.support.ui.WebDriverWait.timeoutException(WebDriverWait.java:95)
at org.openqa.selenium.support.ui.FluentWait.until(FluentWait.java:272)
at com.qa.hubspot.util.ElementUtil.waitForElementPresent(ElementUtil.java:27)
at com.qa.hubspot.page.LoginPage.checkSignUpLink(LoginPage.java:42)
at com.qa.hubspot.tests.LoginPageTest.verfiySignUpLinkTest(LoginPageTest.java:69)
at sun.reflect.NativeMethodAccessorImpl.invoke0(Native Method)
at sun.reflect.NativeMethodAccessorImpl.invoke(NativeMethodAccessorImpl.java:62)
at sun.reflect.DelegatingMethodAccessorImpl.invoke(DelegatingMethodAccessorImpl.java:43)
at java.lang.reflect.Method.invoke(Method.java:498)
at org.testng.internal.MethodInvocationHelper.invokeMethod(MethodInvocationHelper.java:124)
at org.testng.internal.Invoker.invokeMethod(Invoker.java:583)
at org.testng.internal.Invoker.invokeTestMethod(Invoker.java:719)
at org.testng.internal.Invoker.invokeTestMethods(Invoker.java:989)
at org.testng.internal.TestMethodWorker.invokeTestMethods(TestMethodWorker.java:125)
at org.testng.internal.TestMethodWorker.run(TestMethodWorker.java:109)
at java.util.concurrent.ThreadPoolExecutor.runWorker(ThreadPoolExecutor.java:1149)
at java.util.concurrent.ThreadPoolExecutor$Worker.run(ThreadPoolExecutor.java:624)
at java.lang.Thread.run(Thread.java:748)
Caused by: org.openqa.selenium.NoSuchElementException: Unable to locate element: Sign up1111
For documentation on this error, please visit: https://www.seleniumhq.org/exceptions/no_such_element.html
Build info: version: '3.141.59', revision: 'e82be7d358', time: '2018-11-14T08:17:03'
System info: host: 'Aruns-MacBook-Pro.local', ip: 'fe80:0:0:0:87f:b3f7:85ce:16b6%en0', os.name: 'Mac OS X', os.arch: 'x86_64', os.version: '10.15.3', java.version: '1.8.0_231'
Driver info: org.openqa.selenium.firefox.FirefoxDriver
Capabilities {acceptInsecureCerts: true, browserName: firefox, browserVersion: 72.0.2, javascriptEnabled: true, moz:accessibilityChecks: false, moz:buildID: 20200117190643, moz:geckodriverVersion: 0.26.0, moz:headless: false, moz:processID: 1028, moz:profile: /var/folders/8v/lc51zd0s2ls..., moz:shutdownTimeout: 60000, moz:useNonSpecCompliantPointerOrigin: false, moz:webdriverClick: true, pageLoadStrategy: normal, platform: MAC, platformName: MAC, platformVersion: 19.3.0, rotatable: false, setWindowRect: true, strictFileInteractability: false, timeouts: {implicit: 0, pageLoad: 300000, script: 30000}, unhandledPromptBehavior: dismiss and notify}
Session ID: 871f7077-b147-d540-bea0-f45ab249d389
*** Element info: {Using=link text, value=Sign up1111}
at sun.reflect.GeneratedConstructorAccessor17.newInstance(Unknown Source)
at sun.reflect.DelegatingConstructorAccessorImpl.newInstance(DelegatingConstructorAccessorImpl.java:45)
at java.lang.reflect.Constructor.newInstance(Constructor.java:423)
at org.openqa.selenium.remote.http.W3CHttpResponseCodec.createException(W3CHttpResponseCodec.java:187)
at org.openqa.selenium.remote.http.W3CHttpResponseCodec.decode(W3CHttpResponseCodec.java:122)
at org.openqa.selenium.remote.http.W3CHttpResponseCodec.decode(W3CHttpResponseCodec.java:49)
at org.openqa.selenium.remote.HttpCommandExecutor.execute(HttpCommandExecutor.java:158)
at org.openqa.selenium.remote.service.DriverCommandExecutor.execute(DriverCommandExecutor.java:83)
at org.openqa.selenium.remote.RemoteWebDriver.execute(RemoteWebDriver.java:552)
at org.openqa.selenium.remote.RemoteWebDriver.findElement(RemoteWebDriver.java:323)
at org.openqa.selenium.remote.RemoteWebDriver.findElementByLinkText(RemoteWebDriver.java:380)
at org.openqa.selenium.By$ByLinkText.findElement(By.java:220)
at org.openqa.selenium.remote.RemoteWebDriver.findElement(RemoteWebDriver.java:315)
at org.openqa.selenium.support.ui.ExpectedConditions$6.apply(ExpectedConditions.java:182)
at org.openqa.selenium.support.ui.ExpectedConditions$6.apply(ExpectedConditions.java:179)
at org.openqa.selenium.support.ui.FluentWait.until(FluentWait.java:249)
... 16 more
]]>
            </full-stacktrace>
          </exception> <!-- org.openqa.selenium.TimeoutException -->
          <reporter-output>
          </reporter-output>
        </test-method> <!-- verfiySignUpLinkTest -->
        <test-method status="PASS" signature="tearDown()[pri:0, instance:com.qa.hubspot.tests.LoginPageTest@223d2c72]" name="tearDown" is-config="true" duration-ms="2654" started-at="2020-02-15T16:38:36Z" finished-at="2020-02-15T16:38:39Z">
          <reporter-output>
          </reporter-output>
        </test-method> <!-- tearDown -->
        <test-method status="PASS" signature="setUp(java.lang.String)[pri:0, instance:com.qa.hubspot.tests.LoginPageTest@223d2c72]" name="setUp" is-config="true" duration-ms="3048" started-at="2020-02-15T16:38:39Z" finished-at="2020-02-15T16:38:42Z">
          <params>
            <param index="0">
              <value>
                <![CDATA[firefox]]>
              </value>
            </param>
          </params>
          <reporter-output>
          </reporter-output>
        </test-method> <!-- setUp -->
        <test-method status="PASS" signature="loginTest()[pri:3, instance:com.qa.hubspot.tests.LoginPageTest@223d2c72]" name="loginTest" duration-ms="7563" started-at="2020-02-15T16:38:42Z" finished-at="2020-02-15T16:38:49Z">
          <reporter-output>
          </reporter-output>
        </test-method> <!-- loginTest -->
        <test-method status="PASS" signature="tearDown()[pri:0, instance:com.qa.hubspot.tests.LoginPageTest@223d2c72]" name="tearDown" is-config="true" duration-ms="2657" started-at="2020-02-15T16:38:49Z" finished-at="2020-02-15T16:38:52Z">
          <reporter-output>
          </reporter-output>
        </test-method> <!-- tearDown -->
      </class> <!-- com.qa.hubspot.tests.LoginPageTest -->
    </test> <!-- Hub Spot Functional Regression Test - FF -->
  </suite> <!-- Hub Spot Regression Suite -->
</testng-results>
